<?xml version="1.0" encoding="UTF-8"?>
<!-- Generated by org.testng.reporters.JUnitXMLReporter -->
<testsuite ignored="4" hostname="Testriq-20s-MacBook-Pro.local" failures="6" tests="6" name="Test" time="11.439" errors="0" timestamp="2025-05-19T15:36:09 IST">
  <testcase classname="com.watch.site.product.TestProductAddedToCart" name="testSuccessfulProductAddToCart" time="0.006">
    <failure type="java.lang.UnsupportedClassVersionError" message="com/watch/pages/homepage/HomePage has been compiled by a more recent version of the Java Runtime (class file version 67.0), this version of the Java Runtime only recognizes class file versions up to 66.0">
      <![CDATA[java.lang.UnsupportedClassVersionError: com/watch/pages/homepage/HomePage has been compiled by a more recent version of the Java Runtime (class file version 67.0), this version of the Java Runtime only recognizes class file versions up to 66.0
at java.base/java.lang.ClassLoader.defineClass1(Native Method)
at java.base/java.lang.ClassLoader.defineClass(ClassLoader.java:1023)
at java.base/java.security.SecureClassLoader.defineClass(SecureClassLoader.java:150)
at java.base/jdk.internal.loader.BuiltinClassLoader.defineClass(BuiltinClassLoader.java:862)
at java.base/jdk.internal.loader.BuiltinClassLoader.findClassOnClassPathOrNull(BuiltinClassLoader.java:760)
at java.base/jdk.internal.loader.BuiltinClassLoader.loadClassOrNull(BuiltinClassLoader.java:681)
at java.base/jdk.internal.loader.BuiltinClassLoader.loadClass(BuiltinClassLoader.java:639)
at java.base/jdk.internal.loader.ClassLoaders$AppClassLoader.loadClass(ClassLoaders.java:188)
at java.base/java.lang.ClassLoader.loadClass(ClassLoader.java:525)
at com.watch.site.product.TestProductAddedToCart.testSuccessfulProductAddToCart(TestProductAddedToCart.java:20)
at java.base/java.util.ArrayList.forEach(ArrayList.java:1597)
... Removed 25 stack frames]]>
    </failure>
  </testcase> <!-- testSuccessfulProductAddToCart -->
  <testcase classname="com.watch.site.search_result.TestSearchResultPage" name="testSearchFunctionalityWRTMatchingProduct" time="0.002">
    <failure type="java.lang.UnsupportedClassVersionError" message="com/watch/pages/homepage/HomePage has been compiled by a more recent version of the Java Runtime (class file version 67.0), this version of the Java Runtime only recognizes class file versions up to 66.0">
      <![CDATA[java.lang.UnsupportedClassVersionError: com/watch/pages/homepage/HomePage has been compiled by a more recent version of the Java Runtime (class file version 67.0), this version of the Java Runtime only recognizes class file versions up to 66.0
at java.base/java.lang.ClassLoader.defineClass1(Native Method)
at java.base/java.lang.ClassLoader.defineClass(ClassLoader.java:1023)
at java.base/java.security.SecureClassLoader.defineClass(SecureClassLoader.java:150)
at java.base/jdk.internal.loader.BuiltinClassLoader.defineClass(BuiltinClassLoader.java:862)
at java.base/jdk.internal.loader.BuiltinClassLoader.findClassOnClassPathOrNull(BuiltinClassLoader.java:760)
at java.base/jdk.internal.loader.BuiltinClassLoader.loadClassOrNull(BuiltinClassLoader.java:681)
at java.base/jdk.internal.loader.BuiltinClassLoader.loadClass(BuiltinClassLoader.java:639)
at java.base/jdk.internal.loader.ClassLoaders$AppClassLoader.loadClass(ClassLoaders.java:188)
at java.base/java.lang.ClassLoader.loadClass(ClassLoader.java:525)
at com.watch.site.search_result.TestSearchResultPage.testSearchFunctionalityWRTMatchingProduct(TestSearchResultPage.java:19)
at java.base/java.util.ArrayList.forEach(ArrayList.java:1597)
... Removed 25 stack frames]]>
    </failure>
  </testcase> <!-- testSearchFunctionalityWRTMatchingProduct -->
  <testcase classname="com.watch.site.search_result.TestSearchResultPage" name="testSearchFunctionalityWRTNoMatchingProduct" time="0.001">
    <failure type="java.lang.UnsupportedClassVersionError" message="com/watch/pages/homepage/HomePage has been compiled by a more recent version of the Java Runtime (class file version 67.0), this version of the Java Runtime only recognizes class file versions up to 66.0">
      <![CDATA[java.lang.UnsupportedClassVersionError: com/watch/pages/homepage/HomePage has been compiled by a more recent version of the Java Runtime (class file version 67.0), this version of the Java Runtime only recognizes class file versions up to 66.0
at com.watch.site.search_result.TestSearchResultPage.testSearchFunctionalityWRTNoMatchingProduct(TestSearchResultPage.java:28)
at java.base/java.util.ArrayList.forEach(ArrayList.java:1597)
... Removed 25 stack frames]]>
    </failure>
  </testcase> <!-- testSearchFunctionalityWRTNoMatchingProduct -->
  <testcase classname="com.watch.site.contact_us.TestContactUsPage" name="testNavigationToContactUsPage" time="0.001">
    <failure type="java.lang.UnsupportedClassVersionError" message="com/watch/pages/homepage/HomePage has been compiled by a more recent version of the Java Runtime (class file version 67.0), this version of the Java Runtime only recognizes class file versions up to 66.0">
      <![CDATA[java.lang.UnsupportedClassVersionError: com/watch/pages/homepage/HomePage has been compiled by a more recent version of the Java Runtime (class file version 67.0), this version of the Java Runtime only recognizes class file versions up to 66.0
at java.base/java.lang.ClassLoader.defineClass1(Native Method)
at java.base/java.lang.ClassLoader.defineClass(ClassLoader.java:1023)
at java.base/java.security.SecureClassLoader.defineClass(SecureClassLoader.java:150)
at java.base/jdk.internal.loader.BuiltinClassLoader.defineClass(BuiltinClassLoader.java:862)
at java.base/jdk.internal.loader.BuiltinClassLoader.findClassOnClassPathOrNull(BuiltinClassLoader.java:760)
at java.base/jdk.internal.loader.BuiltinClassLoader.loadClassOrNull(BuiltinClassLoader.java:681)
at java.base/jdk.internal.loader.BuiltinClassLoader.loadClass(BuiltinClassLoader.java:639)
at java.base/jdk.internal.loader.ClassLoaders$AppClassLoader.loadClass(ClassLoaders.java:188)
at java.base/java.lang.ClassLoader.loadClass(ClassLoader.java:525)
at com.watch.site.contact_us.TestContactUsPage.testNavigationToContactUsPage(TestContactUsPage.java:20)
at java.base/java.util.ArrayList.forEach(ArrayList.java:1597)
... Removed 25 stack frames]]>
    </failure>
  </testcase> <!-- testNavigationToContactUsPage -->
  <testcase classname="com.watch.site.contact_us.TestContactUsPage" name="testEmptyFormSubmission" time="0.0">
    <failure type="java.lang.UnsupportedClassVersionError" message="com/watch/pages/homepage/HomePage has been compiled by a more recent version of the Java Runtime (class file version 67.0), this version of the Java Runtime only recognizes class file versions up to 66.0">
      <![CDATA[java.lang.UnsupportedClassVersionError: com/watch/pages/homepage/HomePage has been compiled by a more recent version of the Java Runtime (class file version 67.0), this version of the Java Runtime only recognizes class file versions up to 66.0
at com.watch.site.contact_us.TestContactUsPage.testEmptyFormSubmission(TestContactUsPage.java:30)
at java.base/java.util.ArrayList.forEach(ArrayList.java:1597)
... Removed 25 stack frames]]>
    </failure>
  </testcase> <!-- testEmptyFormSubmission -->
  <testcase classname="com.watch.site.contact_us.TestContactUsPage" name="testSuccessfulFormSubmission" time="0.001">
    <failure type="java.lang.UnsupportedClassVersionError" message="com/watch/pages/homepage/HomePage has been compiled by a more recent version of the Java Runtime (class file version 67.0), this version of the Java Runtime only recognizes class file versions up to 66.0">
      <![CDATA[java.lang.UnsupportedClassVersionError: com/watch/pages/homepage/HomePage has been compiled by a more recent version of the Java Runtime (class file version 67.0), this version of the Java Runtime only recognizes class file versions up to 66.0
at com.watch.site.contact_us.TestContactUsPage.testSuccessfulFormSubmission(TestContactUsPage.java:42)
at java.base/java.util.ArrayList.forEach(ArrayList.java:1597)
... Removed 25 stack frames]]>
    </failure>
  </testcase> <!-- testSuccessfulFormSubmission -->
  <testcase classname="com.watch.site.core.DriverManagementCore" name="@BeforeTest launchWebApplication" time="0.0">
    <ignored/>
  </testcase> <!-- @BeforeTest launchWebApplication -->
  <testcase classname="com.watch.site.core.DriverManagementCore" name="@AfterTest tearDown" time="0.0">
    <ignored/>
  </testcase> <!-- @AfterTest tearDown -->
  <testcase classname="com.watch.site.core.DriverManagementCore" name="@AfterTest tearDown" time="0.0">
    <ignored/>
  </testcase> <!-- @AfterTest tearDown -->
  <testcase classname="com.watch.site.core.DriverManagementCore" name="@BeforeTest launchWebApplication" time="0.0">
    <ignored/>
  </testcase> <!-- @BeforeTest launchWebApplication -->
</testsuite> <!-- Test -->
